2018-02-25 21:31:10,304 [Worker-0] INFO  c.g.t.t.d.PublishedGradleVersions - Gradle version information cache is up-to-date. Trying to read.
2018-02-25 21:32:32,483 [Worker-5] INFO  o.e.m.c.i.l.LifecycleMappingFactory - Using org.eclipse.m2e.jdt.JarLifecycleMapping lifecycle mapping for MavenProject: com.sush.junit:JunitTut:0.0.1-SNAPSHOT @ C:\mainProject\JunitTut\pom.xml.
2018-02-25 21:32:33,627 [Worker-5] WARN  o.e.m.c.i.embedder.EclipseLogger - Using platform encoding (Cp1252 actually) to copy filtered resources, i.e. build is platform dependent!
2018-02-25 21:32:33,646 [Worker-5] INFO  o.e.m.c.i.embedder.EclipseLogger - Copying 0 resource
2018-02-25 21:32:33,650 [Worker-5] WARN  o.e.m.c.i.embedder.EclipseLogger - Using platform encoding (Cp1252 actually) to copy filtered resources, i.e. build is platform dependent!
2018-02-25 21:32:33,662 [Worker-5] INFO  o.e.m.c.i.embedder.EclipseLogger - Copying 0 resource
2018-02-25 21:32:35,146 [Worker-0] WARN  o.e.m.c.i.embedder.EclipseLogger - Using platform encoding (Cp1252 actually) to copy filtered resources, i.e. build is platform dependent!
2018-02-25 21:32:35,164 [Worker-0] INFO  o.e.m.c.i.embedder.EclipseLogger - Copying 0 resource
2018-02-25 21:32:35,167 [Worker-0] WARN  o.e.m.c.i.embedder.EclipseLogger - Using platform encoding (Cp1252 actually) to copy filtered resources, i.e. build is platform dependent!
2018-02-25 21:32:35,197 [Worker-0] INFO  o.e.m.c.i.embedder.EclipseLogger - Copying 0 resource
2018-02-25 21:32:35,429 [Worker-0] INFO  o.e.m.c.i.l.LifecycleMappingFactory - Using org.eclipse.m2e.jdt.JarLifecycleMapping lifecycle mapping for MavenProject: com.sushil.restApi:RestApi:0.0.1-SNAPSHOT @ C:\mainProject\RestApi\pom.xml.
2018-02-25 21:32:36,167 [Worker-0] WARN  o.e.m.c.i.embedder.EclipseLogger - Using platform encoding (Cp1252 actually) to copy filtered resources, i.e. build is platform dependent!
2018-02-25 21:32:36,222 [Worker-0] INFO  o.e.m.c.i.embedder.EclipseLogger - Copying 0 resource
2018-02-25 21:32:36,225 [Worker-0] WARN  o.e.m.c.i.embedder.EclipseLogger - Using platform encoding (Cp1252 actually) to copy filtered resources, i.e. build is platform dependent!
2018-02-25 21:32:36,345 [Worker-0] INFO  o.e.m.c.i.embedder.EclipseLogger - Copying 0 resource
2018-02-25 21:32:42,634 [Worker-4] INFO  o.e.m.c.i.l.LifecycleMappingFactory - Using org.eclipse.m2e.jdt.JarLifecycleMapping lifecycle mapping for MavenProject: com.sushil:VendorManagement:0.0.1-SNAPSHOT @ C:\mainProject\VendorManagement\VendorManagement\pom.xml.
2018-02-25 21:32:45,591 [Worker-4] WARN  o.e.m.c.i.embedder.EclipseLogger - The POM for com.oracle:ojdbc5:jar:11.2.0.3 is missing, no dependency information available
2018-02-25 21:32:46,525 [Worker-4] INFO  o.e.m.c.i.embedder.EclipseLogger - Using 'UTF-8' encoding to copy filtered resources.
2018-02-25 21:32:46,527 [Worker-4] INFO  o.e.m.c.i.embedder.EclipseLogger - Copying 0 resource
2018-02-25 21:32:46,528 [Worker-4] INFO  o.e.m.c.i.embedder.EclipseLogger - Copying 1 resource
2018-02-25 21:32:46,549 [Worker-4] INFO  o.e.m.c.i.embedder.EclipseLogger - Using 'UTF-8' encoding to copy filtered resources.
2018-02-25 21:32:46,553 [Worker-4] INFO  o.e.m.c.i.embedder.EclipseLogger - Copying 0 resource
2018-02-25 21:32:50,175 [Worker-5] WARN  o.e.m.c.i.embedder.EclipseLogger - The POM for com.oracle:ojdbc5:jar:11.2.0.3 is missing, no dependency information available
2018-02-25 21:32:50,984 [Worker-5] INFO  o.e.m.c.i.embedder.EclipseLogger - Using 'UTF-8' encoding to copy filtered resources.
2018-02-25 21:32:51,223 [Worker-5] INFO  o.e.m.c.i.embedder.EclipseLogger - Copying 0 resource
2018-02-25 21:32:51,230 [Worker-5] INFO  o.e.m.c.i.embedder.EclipseLogger - Copying 1 resource
2018-02-25 21:32:51,239 [Worker-5] INFO  o.e.m.c.i.embedder.EclipseLogger - Using 'UTF-8' encoding to copy filtered resources.
2018-02-25 21:32:51,240 [Worker-5] INFO  o.e.m.c.i.embedder.EclipseLogger - Copying 0 resource
2018-02-25 21:32:52,515 [Worker-5] INFO  o.e.m.c.i.l.LifecycleMappingFactory - Using org.eclipse.m2e.jdt.JarLifecycleMapping lifecycle mapping for MavenProject: com.sushil:VendorManagement:0.0.1-SNAPSHOT @ C:\mainProject\VendorManagement2\pom.xml.
2018-02-25 21:32:53,243 [Worker-5] WARN  o.e.m.c.i.embedder.EclipseLogger - The POM for com.oracle:ojdbc5:jar:11.2.0.3 is missing, no dependency information available
2018-02-25 21:32:53,801 [Worker-5] INFO  o.e.m.c.i.embedder.EclipseLogger - Using 'UTF-8' encoding to copy filtered resources.
2018-02-25 21:32:53,801 [Worker-5] INFO  o.e.m.c.i.embedder.EclipseLogger - Copying 0 resource
2018-02-25 21:32:53,806 [Worker-5] INFO  o.e.m.c.i.embedder.EclipseLogger - Copying 1 resource
2018-02-25 21:32:53,816 [Worker-5] INFO  o.e.m.c.i.embedder.EclipseLogger - Using 'UTF-8' encoding to copy filtered resources.
2018-02-25 21:32:53,821 [Worker-5] INFO  o.e.m.c.i.embedder.EclipseLogger - Copying 0 resource
2018-02-25 21:32:56,233 [Worker-3] INFO  o.e.m.c.i.l.LifecycleMappingFactory - Using org.eclipse.m2e.jdt.JarLifecycleMapping lifecycle mapping for MavenProject: com.shashi:sample-mockito:1.0-SNAPSHOT @ C:\mainProject\mockito\pom.xml.
2018-02-25 21:33:04,136 [Worker-3] WARN  o.e.m.c.i.embedder.EclipseLogger - Using platform encoding (Cp1252 actually) to copy filtered resources, i.e. build is platform dependent!
2018-02-25 21:33:04,176 [Worker-3] INFO  o.e.m.c.i.embedder.EclipseLogger - Copying 14 resources
2018-02-25 21:33:04,326 [Worker-3] WARN  o.e.m.c.i.embedder.EclipseLogger - Using platform encoding (Cp1252 actually) to copy filtered resources, i.e. build is platform dependent!
2018-02-25 21:33:04,337 [Worker-3] INFO  o.e.m.c.i.embedder.EclipseLogger - Copying 0 resource
2018-02-25 21:33:05,544 [Worker-0] WARN  o.e.m.c.i.embedder.EclipseLogger - Using platform encoding (Cp1252 actually) to copy filtered resources, i.e. build is platform dependent!
2018-02-25 21:33:05,582 [Worker-0] INFO  o.e.m.c.i.embedder.EclipseLogger - Copying 14 resources
2018-02-25 21:33:05,776 [Worker-0] WARN  o.e.m.c.i.embedder.EclipseLogger - Using platform encoding (Cp1252 actually) to copy filtered resources, i.e. build is platform dependent!
2018-02-25 21:33:05,784 [Worker-0] INFO  o.e.m.c.i.embedder.EclipseLogger - Copying 0 resource
2018-02-25 21:33:06,159 [Worker-0] INFO  o.e.m.c.i.l.LifecycleMappingFactory - Using org.eclipse.m2e.jdt.JarLifecycleMapping lifecycle mapping for MavenProject: com.sush:mockitoTut:0.0.1-SNAPSHOT @ C:\mainProject\mockitoTut\pom.xml.
2018-02-25 21:33:07,385 [Worker-0] INFO  o.e.m.c.i.embedder.EclipseLogger - Using 'UTF-8' encoding to copy filtered resources.
2018-02-25 21:33:07,394 [Worker-0] INFO  o.e.m.c.i.embedder.EclipseLogger - skip non existing resourceDirectory C:\mainProject\mockitoTut\src\main\resources
2018-02-25 21:33:07,422 [Worker-0] INFO  o.e.m.c.i.embedder.EclipseLogger - Using 'UTF-8' encoding to copy filtered resources.
2018-02-25 21:33:07,430 [Worker-0] INFO  o.e.m.c.i.embedder.EclipseLogger - skip non existing resourceDirectory C:\mainProject\mockitoTut\src\test\resources
2018-02-25 21:33:07,950 [Worker-0] INFO  o.e.m.c.i.l.LifecycleMappingFactory - Using org.eclipse.m2e.jdt.JarLifecycleMapping lifecycle mapping for MavenProject: com.sushil.restProject:rest:0.0.1-SNAPSHOT @ C:\mainProject\rest\pom.xml.
2018-02-25 21:33:08,356 [Worker-0] INFO  o.e.m.c.i.embedder.EclipseLogger - Using 'UTF-8' encoding to copy filtered resources.
2018-02-25 21:33:08,356 [Worker-0] INFO  o.e.m.c.i.embedder.EclipseLogger - skip non existing resourceDirectory C:\mainProject\rest\src\main\resources
2018-02-25 21:33:08,369 [Worker-0] INFO  o.e.m.c.i.embedder.EclipseLogger - Using 'UTF-8' encoding to copy filtered resources.
2018-02-25 21:33:08,379 [Worker-0] INFO  o.e.m.c.i.embedder.EclipseLogger - skip non existing resourceDirectory C:\mainProject\rest\src\test\resources
2018-02-25 21:33:11,843 [Worker-0] INFO  o.e.m.c.i.l.LifecycleMappingFactory - Using org.eclipse.m2e.jdt.JarLifecycleMapping lifecycle mapping for MavenProject: com.sushil.welcome:restApp:0.0.1-SNAPSHOT @ C:\mainProject\restApp\pom.xml.
2018-02-25 21:33:13,275 [Worker-0] WARN  o.e.m.c.i.embedder.EclipseLogger - The POM for com.oracle:ojdbc5:jar:11.2.0.3 is missing, no dependency information available
2018-02-25 21:33:14,223 [Worker-0] INFO  o.e.m.c.i.embedder.EclipseLogger - Using 'UTF-8' encoding to copy filtered resources.
2018-02-25 21:33:14,234 [Worker-0] INFO  o.e.m.c.i.embedder.EclipseLogger - Copying 0 resource
2018-02-25 21:33:14,245 [Worker-0] INFO  o.e.m.c.i.embedder.EclipseLogger - Copying 1 resource
2018-02-25 21:33:14,268 [Worker-0] INFO  o.e.m.c.i.embedder.EclipseLogger - Using 'UTF-8' encoding to copy filtered resources.
2018-02-25 21:33:14,278 [Worker-0] INFO  o.e.m.c.i.embedder.EclipseLogger - Copying 0 resource
2018-02-25 21:33:14,618 [Worker-0] INFO  o.e.m.c.i.l.LifecycleMappingFactory - Using null lifecycle mapping for MavenProject: com.sushil.restProject:restProject:0.0.1-SNAPSHOT @ C:\mainProject\restProject\pom.xml.
2018-02-25 21:33:15,606 [Worker-0] INFO  o.e.m.c.i.l.LifecycleMappingFactory - Using org.eclipse.m2e.jdt.JarLifecycleMapping lifecycle mapping for MavenProject: com.shashi:sample-mockito:1.0-SNAPSHOT @ C:\mainProject\sample-mockito 2\pom.xml.
2018-02-25 21:33:16,113 [Worker-0] WARN  o.e.m.c.i.embedder.EclipseLogger - Using platform encoding (Cp1252 actually) to copy filtered resources, i.e. build is platform dependent!
2018-02-25 21:33:16,144 [Worker-0] INFO  o.e.m.c.i.embedder.EclipseLogger - skip non existing resourceDirectory C:\mainProject\sample-mockito 2\src\main\resources
2018-02-25 21:33:16,161 [Worker-0] WARN  o.e.m.c.i.embedder.EclipseLogger - Using platform encoding (Cp1252 actually) to copy filtered resources, i.e. build is platform dependent!
2018-02-25 21:33:16,723 [Worker-0] INFO  o.e.m.c.i.embedder.EclipseLogger - skip non existing resourceDirectory C:\mainProject\sample-mockito 2\src\test\resources
2018-02-25 21:33:20,796 [Worker-0] INFO  o.e.m.c.i.l.LifecycleMappingFactory - Using org.eclipse.m2e.jdt.JarLifecycleMapping lifecycle mapping for MavenProject: com.spring:sampleSpring:0.0.1-SNAPSHOT @ C:\mainProject\sampleSpring\pom.xml.
2018-02-25 21:33:21,049 [Worker-0] WARN  o.e.m.c.i.embedder.EclipseLogger - The POM for com.oracle:ojdbc5:jar:11.2.0.3 is missing, no dependency information available
2018-02-25 21:33:21,430 [Worker-0] WARN  o.e.m.c.i.embedder.EclipseLogger - Using platform encoding (Cp1252 actually) to copy filtered resources, i.e. build is platform dependent!
2018-02-25 21:33:21,449 [Worker-0] INFO  o.e.m.c.i.embedder.EclipseLogger - Copying 2 resources
2018-02-25 21:33:21,482 [Worker-0] WARN  o.e.m.c.i.embedder.EclipseLogger - Using platform encoding (Cp1252 actually) to copy filtered resources, i.e. build is platform dependent!
2018-02-25 21:33:21,493 [Worker-0] INFO  o.e.m.c.i.embedder.EclipseLogger - Copying 0 resource
2018-02-25 21:33:24,081 [Worker-3] INFO  o.e.m.c.i.embedder.EclipseLogger - Using 'UTF-8' encoding to copy filtered resources.
2018-02-25 21:33:24,081 [Worker-3] INFO  o.e.m.c.i.embedder.EclipseLogger - skip non existing resourceDirectory C:\mainProject\mockitoTut\src\main\resources
2018-02-25 21:33:24,082 [Worker-3] INFO  o.e.m.c.i.embedder.EclipseLogger - Using 'UTF-8' encoding to copy filtered resources.
2018-02-25 21:33:24,097 [Worker-3] INFO  o.e.m.c.i.embedder.EclipseLogger - skip non existing resourceDirectory C:\mainProject\mockitoTut\src\test\resources
2018-02-25 21:33:24,256 [Worker-3] INFO  o.e.m.c.i.embedder.EclipseLogger - Using 'UTF-8' encoding to copy filtered resources.
2018-02-25 21:33:24,266 [Worker-3] INFO  o.e.m.c.i.embedder.EclipseLogger - skip non existing resourceDirectory C:\mainProject\rest\src\main\resources
2018-02-25 21:33:24,271 [Worker-3] INFO  o.e.m.c.i.embedder.EclipseLogger - Using 'UTF-8' encoding to copy filtered resources.
2018-02-25 21:33:24,285 [Worker-3] INFO  o.e.m.c.i.embedder.EclipseLogger - skip non existing resourceDirectory C:\mainProject\rest\src\test\resources
2018-02-25 21:33:26,635 [Worker-3] WARN  o.e.m.c.i.embedder.EclipseLogger - The POM for com.oracle:ojdbc5:jar:11.2.0.3 is missing, no dependency information available
2018-02-25 21:33:27,474 [Worker-3] INFO  o.e.m.c.i.embedder.EclipseLogger - Using 'UTF-8' encoding to copy filtered resources.
2018-02-25 21:33:27,474 [Worker-3] INFO  o.e.m.c.i.embedder.EclipseLogger - Copying 0 resource
2018-02-25 21:33:27,484 [Worker-3] INFO  o.e.m.c.i.embedder.EclipseLogger - Copying 1 resource
2018-02-25 21:33:27,506 [Worker-3] INFO  o.e.m.c.i.embedder.EclipseLogger - Using 'UTF-8' encoding to copy filtered resources.
2018-02-25 21:33:27,514 [Worker-3] INFO  o.e.m.c.i.embedder.EclipseLogger - Copying 0 resource
2018-02-25 21:33:28,516 [Worker-3] WARN  o.e.m.c.i.embedder.EclipseLogger - Using platform encoding (Cp1252 actually) to copy filtered resources, i.e. build is platform dependent!
2018-02-25 21:33:28,742 [Worker-3] INFO  o.e.m.c.i.embedder.EclipseLogger - skip non existing resourceDirectory C:\mainProject\sample-mockito 2\src\main\resources
2018-02-25 21:33:28,750 [Worker-3] WARN  o.e.m.c.i.embedder.EclipseLogger - Using platform encoding (Cp1252 actually) to copy filtered resources, i.e. build is platform dependent!
2018-02-25 21:33:28,759 [Worker-3] INFO  o.e.m.c.i.embedder.EclipseLogger - skip non existing resourceDirectory C:\mainProject\sample-mockito 2\src\test\resources
2018-02-25 21:33:29,750 [Worker-3] WARN  o.e.m.c.i.embedder.EclipseLogger - The POM for com.oracle:ojdbc5:jar:11.2.0.3 is missing, no dependency information available
2018-02-25 21:33:29,780 [Worker-3] WARN  o.e.m.c.i.embedder.EclipseLogger - Using platform encoding (Cp1252 actually) to copy filtered resources, i.e. build is platform dependent!
2018-02-25 21:33:29,800 [Worker-3] INFO  o.e.m.c.i.embedder.EclipseLogger - Copying 2 resources
2018-02-25 21:33:29,811 [Worker-3] WARN  o.e.m.c.i.embedder.EclipseLogger - Using platform encoding (Cp1252 actually) to copy filtered resources, i.e. build is platform dependent!
2018-02-25 21:33:29,815 [Worker-3] INFO  o.e.m.c.i.embedder.EclipseLogger - Copying 0 resource
2018-02-25 21:35:04,360 [Worker-8] WARN  o.e.m.c.i.embedder.EclipseLogger - Using platform encoding (Cp1252 actually) to copy filtered resources, i.e. build is platform dependent!
2018-02-25 21:35:04,819 [Worker-8] INFO  o.e.m.c.i.embedder.EclipseLogger - Copying 0 resource
2018-02-25 21:35:04,820 [Worker-8] WARN  o.e.m.c.i.embedder.EclipseLogger - Using platform encoding (Cp1252 actually) to copy filtered resources, i.e. build is platform dependent!
2018-02-25 21:35:04,831 [Worker-8] INFO  o.e.m.c.i.embedder.EclipseLogger - Copying 0 resource
2018-02-25 21:35:04,919 [Worker-8] WARN  o.e.m.c.i.embedder.EclipseLogger - Using platform encoding (Cp1252 actually) to copy filtered resources, i.e. build is platform dependent!
2018-02-25 21:35:04,943 [Worker-8] INFO  o.e.m.c.i.embedder.EclipseLogger - Copying 0 resource
2018-02-25 21:35:04,954 [Worker-8] WARN  o.e.m.c.i.embedder.EclipseLogger - Using platform encoding (Cp1252 actually) to copy filtered resources, i.e. build is platform dependent!
2018-02-25 21:35:04,961 [Worker-8] INFO  o.e.m.c.i.embedder.EclipseLogger - Copying 0 resource
2018-02-25 21:35:06,605 [Worker-8] WARN  o.e.m.c.i.embedder.EclipseLogger - The POM for com.oracle:ojdbc5:jar:11.2.0.3 is missing, no dependency information available
2018-02-25 21:35:07,361 [Worker-8] INFO  o.e.m.c.i.embedder.EclipseLogger - Using 'UTF-8' encoding to copy filtered resources.
2018-02-25 21:35:07,379 [Worker-8] INFO  o.e.m.c.i.embedder.EclipseLogger - Copying 0 resource
2018-02-25 21:35:07,391 [Worker-8] INFO  o.e.m.c.i.embedder.EclipseLogger - Copying 0 resource
2018-02-25 21:35:07,403 [Worker-8] INFO  o.e.m.c.i.embedder.EclipseLogger - Using 'UTF-8' encoding to copy filtered resources.
2018-02-25 21:35:07,404 [Worker-8] INFO  o.e.m.c.i.embedder.EclipseLogger - Copying 0 resource
2018-02-25 21:35:08,774 [Worker-8] WARN  o.e.m.c.i.embedder.EclipseLogger - The POM for com.oracle:ojdbc5:jar:11.2.0.3 is missing, no dependency information available
2018-02-25 21:35:09,310 [Worker-8] INFO  o.e.m.c.i.embedder.EclipseLogger - Using 'UTF-8' encoding to copy filtered resources.
2018-02-25 21:35:10,042 [Worker-8] INFO  o.e.m.c.i.embedder.EclipseLogger - Copying 0 resource
2018-02-25 21:35:10,157 [Worker-8] INFO  o.e.m.c.i.embedder.EclipseLogger - Copying 0 resource
2018-02-25 21:35:10,169 [Worker-8] INFO  o.e.m.c.i.embedder.EclipseLogger - Using 'UTF-8' encoding to copy filtered resources.
2018-02-25 21:35:10,173 [Worker-8] INFO  o.e.m.c.i.embedder.EclipseLogger - Copying 0 resource
2018-02-25 21:35:10,318 [Worker-8] WARN  o.e.m.c.i.embedder.EclipseLogger - Using platform encoding (Cp1252 actually) to copy filtered resources, i.e. build is platform dependent!
2018-02-25 21:35:10,340 [Worker-8] INFO  o.e.m.c.i.embedder.EclipseLogger - Copying 0 resource
2018-02-25 21:35:10,348 [Worker-8] WARN  o.e.m.c.i.embedder.EclipseLogger - Using platform encoding (Cp1252 actually) to copy filtered resources, i.e. build is platform dependent!
2018-02-25 21:35:10,878 [Worker-8] INFO  o.e.m.c.i.embedder.EclipseLogger - Copying 0 resource
2018-02-25 21:35:10,902 [Worker-8] INFO  o.e.m.c.i.embedder.EclipseLogger - Using 'UTF-8' encoding to copy filtered resources.
2018-02-25 21:35:10,902 [Worker-8] INFO  o.e.m.c.i.embedder.EclipseLogger - skip non existing resourceDirectory C:\mainProject\mockitoTut\src\main\resources
2018-02-25 21:35:10,904 [Worker-8] INFO  o.e.m.c.i.embedder.EclipseLogger - Using 'UTF-8' encoding to copy filtered resources.
2018-02-25 21:35:10,904 [Worker-8] INFO  o.e.m.c.i.embedder.EclipseLogger - skip non existing resourceDirectory C:\mainProject\mockitoTut\src\test\resources
2018-02-25 21:35:10,921 [Worker-8] INFO  o.e.m.c.i.embedder.EclipseLogger - Using 'UTF-8' encoding to copy filtered resources.
2018-02-25 21:35:10,921 [Worker-8] INFO  o.e.m.c.i.embedder.EclipseLogger - skip non existing resourceDirectory C:\mainProject\rest\src\main\resources
2018-02-25 21:35:10,924 [Worker-8] INFO  o.e.m.c.i.embedder.EclipseLogger - Using 'UTF-8' encoding to copy filtered resources.
2018-02-25 21:35:10,924 [Worker-8] INFO  o.e.m.c.i.embedder.EclipseLogger - skip non existing resourceDirectory C:\mainProject\rest\src\test\resources
2018-02-25 21:35:11,476 [Worker-8] WARN  o.e.m.c.i.embedder.EclipseLogger - The POM for com.oracle:ojdbc5:jar:11.2.0.3 is missing, no dependency information available
2018-02-25 21:35:11,801 [Worker-8] INFO  o.e.m.c.i.embedder.EclipseLogger - Using 'UTF-8' encoding to copy filtered resources.
2018-02-25 21:35:11,801 [Worker-8] INFO  o.e.m.c.i.embedder.EclipseLogger - Copying 0 resource
2018-02-25 21:35:11,801 [Worker-8] INFO  o.e.m.c.i.embedder.EclipseLogger - Copying 0 resource
2018-02-25 21:35:11,802 [Worker-8] INFO  o.e.m.c.i.embedder.EclipseLogger - Using 'UTF-8' encoding to copy filtered resources.
2018-02-25 21:35:11,802 [Worker-8] INFO  o.e.m.c.i.embedder.EclipseLogger - Copying 0 resource
2018-02-25 21:35:12,089 [Worker-8] WARN  o.e.m.c.i.embedder.EclipseLogger - Using platform encoding (Cp1252 actually) to copy filtered resources, i.e. build is platform dependent!
2018-02-25 21:35:12,093 [Worker-8] INFO  o.e.m.c.i.embedder.EclipseLogger - skip non existing resourceDirectory C:\mainProject\sample-mockito 2\src\main\resources
2018-02-25 21:35:12,094 [Worker-8] WARN  o.e.m.c.i.embedder.EclipseLogger - Using platform encoding (Cp1252 actually) to copy filtered resources, i.e. build is platform dependent!
2018-02-25 21:35:12,098 [Worker-8] INFO  o.e.m.c.i.embedder.EclipseLogger - skip non existing resourceDirectory C:\mainProject\sample-mockito 2\src\test\resources
2018-02-25 21:35:12,143 [Worker-8] WARN  o.e.m.c.i.embedder.EclipseLogger - The POM for com.oracle:ojdbc5:jar:11.2.0.3 is missing, no dependency information available
2018-02-25 21:35:12,162 [Worker-8] WARN  o.e.m.c.i.embedder.EclipseLogger - Using platform encoding (Cp1252 actually) to copy filtered resources, i.e. build is platform dependent!
2018-02-25 21:35:12,172 [Worker-8] INFO  o.e.m.c.i.embedder.EclipseLogger - Copying 0 resource
2018-02-25 21:35:12,173 [Worker-8] WARN  o.e.m.c.i.embedder.EclipseLogger - Using platform encoding (Cp1252 actually) to copy filtered resources, i.e. build is platform dependent!
2018-02-25 21:35:12,180 [Worker-8] INFO  o.e.m.c.i.embedder.EclipseLogger - Copying 0 resource
2018-02-25 21:36:19,375 [Worker-8] WARN  o.e.m.c.i.embedder.EclipseLogger - Using platform encoding (Cp1252 actually) to copy filtered resources, i.e. build is platform dependent!
2018-02-25 21:36:19,444 [Worker-8] INFO  o.e.m.c.i.embedder.EclipseLogger - Copying 14 resources
2018-02-25 21:36:19,484 [Worker-8] WARN  o.e.m.c.i.embedder.EclipseLogger - Using platform encoding (Cp1252 actually) to copy filtered resources, i.e. build is platform dependent!
2018-02-25 21:36:19,491 [Worker-8] INFO  o.e.m.c.i.embedder.EclipseLogger - Copying 0 resource
2018-02-25 21:36:29,901 [Worker-4] WARN  o.e.m.c.i.embedder.EclipseLogger - The POM for com.oracle:ojdbc5:jar:11.2.0.3 is missing, no dependency information available
2018-02-25 21:36:30,731 [Worker-4] WARN  o.e.m.c.i.embedder.EclipseLogger - The POM for com.oracle:ojdbc5:jar:11.2.0.3 is missing, no dependency information available
2018-02-25 21:36:31,406 [Worker-4] WARN  o.e.m.c.i.embedder.EclipseLogger - The POM for com.oracle:ojdbc5:jar:11.2.0.3 is missing, no dependency information available
2018-02-25 21:36:31,695 [Worker-4] WARN  o.e.m.c.i.embedder.EclipseLogger - The POM for com.oracle:ojdbc5:jar:11.2.0.3 is missing, no dependency information available
2018-02-25 21:36:32,566 [Worker-5] WARN  o.e.m.c.i.embedder.EclipseLogger - Using platform encoding (Cp1252 actually) to copy filtered resources, i.e. build is platform dependent!
2018-02-25 21:36:32,646 [Worker-5] INFO  o.e.m.c.i.embedder.EclipseLogger - Copying 0 resource
2018-02-25 21:36:32,671 [Worker-5] WARN  o.e.m.c.i.embedder.EclipseLogger - Using platform encoding (Cp1252 actually) to copy filtered resources, i.e. build is platform dependent!
2018-02-25 21:36:32,685 [Worker-5] INFO  o.e.m.c.i.embedder.EclipseLogger - Copying 0 resource
2018-02-25 21:36:32,698 [Worker-5] WARN  o.e.m.c.i.embedder.EclipseLogger - Using platform encoding (Cp1252 actually) to copy filtered resources, i.e. build is platform dependent!
2018-02-25 21:36:32,710 [Worker-5] INFO  o.e.m.c.i.embedder.EclipseLogger - Copying 0 resource
2018-02-25 21:36:32,711 [Worker-5] WARN  o.e.m.c.i.embedder.EclipseLogger - Using platform encoding (Cp1252 actually) to copy filtered resources, i.e. build is platform dependent!
2018-02-25 21:36:32,717 [Worker-5] INFO  o.e.m.c.i.embedder.EclipseLogger - Copying 0 resource
2018-02-25 21:36:34,250 [Worker-5] WARN  o.e.m.c.i.embedder.EclipseLogger - The POM for com.oracle:ojdbc5:jar:11.2.0.3 is missing, no dependency information available
2018-02-25 21:36:34,554 [Worker-5] INFO  o.e.m.c.i.embedder.EclipseLogger - Using 'UTF-8' encoding to copy filtered resources.
2018-02-25 21:36:34,554 [Worker-5] INFO  o.e.m.c.i.embedder.EclipseLogger - Copying 0 resource
2018-02-25 21:36:34,559 [Worker-5] INFO  o.e.m.c.i.embedder.EclipseLogger - Copying 1 resource
2018-02-25 21:36:34,569 [Worker-5] INFO  o.e.m.c.i.embedder.EclipseLogger - Using 'UTF-8' encoding to copy filtered resources.
2018-02-25 21:36:34,574 [Worker-5] INFO  o.e.m.c.i.embedder.EclipseLogger - Copying 0 resource
2018-02-25 21:36:35,151 [Worker-5] WARN  o.e.m.c.i.embedder.EclipseLogger - The POM for com.oracle:ojdbc5:jar:11.2.0.3 is missing, no dependency information available
2018-02-25 21:36:35,301 [Worker-5] INFO  o.e.m.c.i.embedder.EclipseLogger - Using 'UTF-8' encoding to copy filtered resources.
2018-02-25 21:36:35,301 [Worker-5] INFO  o.e.m.c.i.embedder.EclipseLogger - Copying 0 resource
2018-02-25 21:36:35,308 [Worker-5] INFO  o.e.m.c.i.embedder.EclipseLogger - Copying 1 resource
2018-02-25 21:36:35,318 [Worker-5] INFO  o.e.m.c.i.embedder.EclipseLogger - Using 'UTF-8' encoding to copy filtered resources.
2018-02-25 21:36:35,319 [Worker-5] INFO  o.e.m.c.i.embedder.EclipseLogger - Copying 0 resource
2018-02-25 21:36:35,493 [Worker-5] WARN  o.e.m.c.i.embedder.EclipseLogger - Using platform encoding (Cp1252 actually) to copy filtered resources, i.e. build is platform dependent!
2018-02-25 21:36:35,500 [Worker-5] INFO  o.e.m.c.i.embedder.EclipseLogger - Copying 14 resources
2018-02-25 21:36:35,534 [Worker-5] WARN  o.e.m.c.i.embedder.EclipseLogger - Using platform encoding (Cp1252 actually) to copy filtered resources, i.e. build is platform dependent!
2018-02-25 21:36:35,546 [Worker-5] INFO  o.e.m.c.i.embedder.EclipseLogger - Copying 0 resource
2018-02-25 21:36:35,609 [Worker-5] INFO  o.e.m.c.i.embedder.EclipseLogger - Using 'UTF-8' encoding to copy filtered resources.
2018-02-25 21:36:35,614 [Worker-5] INFO  o.e.m.c.i.embedder.EclipseLogger - skip non existing resourceDirectory C:\mainProject\mockitoTut\src\main\resources
2018-02-25 21:36:35,615 [Worker-5] INFO  o.e.m.c.i.embedder.EclipseLogger - Using 'UTF-8' encoding to copy filtered resources.
2018-02-25 21:36:35,615 [Worker-5] INFO  o.e.m.c.i.embedder.EclipseLogger - skip non existing resourceDirectory C:\mainProject\mockitoTut\src\test\resources
2018-02-25 21:36:35,644 [Worker-5] INFO  o.e.m.c.i.embedder.EclipseLogger - Using 'UTF-8' encoding to copy filtered resources.
2018-02-25 21:36:35,648 [Worker-5] INFO  o.e.m.c.i.embedder.EclipseLogger - skip non existing resourceDirectory C:\mainProject\rest\src\main\resources
2018-02-25 21:36:35,649 [Worker-5] INFO  o.e.m.c.i.embedder.EclipseLogger - Using 'UTF-8' encoding to copy filtered resources.
2018-02-25 21:36:35,649 [Worker-5] INFO  o.e.m.c.i.embedder.EclipseLogger - skip non existing resourceDirectory C:\mainProject\rest\src\test\resources
2018-02-25 21:36:36,811 [Worker-5] WARN  o.e.m.c.i.embedder.EclipseLogger - The POM for com.oracle:ojdbc5:jar:11.2.0.3 is missing, no dependency information available
2018-02-25 21:36:36,933 [Worker-5] INFO  o.e.m.c.i.embedder.EclipseLogger - Using 'UTF-8' encoding to copy filtered resources.
2018-02-25 21:36:36,934 [Worker-5] INFO  o.e.m.c.i.embedder.EclipseLogger - Copying 0 resource
2018-02-25 21:36:37,001 [Worker-5] INFO  o.e.m.c.i.embedder.EclipseLogger - Copying 1 resource
2018-02-25 21:36:37,012 [Worker-5] INFO  o.e.m.c.i.embedder.EclipseLogger - Using 'UTF-8' encoding to copy filtered resources.
2018-02-25 21:36:37,016 [Worker-5] INFO  o.e.m.c.i.embedder.EclipseLogger - Copying 0 resource
2018-02-25 21:36:37,682 [Worker-5] WARN  o.e.m.c.i.embedder.EclipseLogger - Using platform encoding (Cp1252 actually) to copy filtered resources, i.e. build is platform dependent!
2018-02-25 21:36:37,797 [Worker-5] INFO  o.e.m.c.i.embedder.EclipseLogger - skip non existing resourceDirectory C:\mainProject\sample-mockito 2\src\main\resources
2018-02-25 21:36:37,798 [Worker-5] WARN  o.e.m.c.i.embedder.EclipseLogger - Using platform encoding (Cp1252 actually) to copy filtered resources, i.e. build is platform dependent!
2018-02-25 21:36:37,805 [Worker-5] INFO  o.e.m.c.i.embedder.EclipseLogger - skip non existing resourceDirectory C:\mainProject\sample-mockito 2\src\test\resources
2018-02-25 21:36:38,009 [Worker-5] WARN  o.e.m.c.i.embedder.EclipseLogger - The POM for com.oracle:ojdbc5:jar:11.2.0.3 is missing, no dependency information available
2018-02-25 21:36:38,020 [Worker-5] WARN  o.e.m.c.i.embedder.EclipseLogger - Using platform encoding (Cp1252 actually) to copy filtered resources, i.e. build is platform dependent!
2018-02-25 21:36:38,029 [Worker-5] INFO  o.e.m.c.i.embedder.EclipseLogger - Copying 2 resources
2018-02-25 21:36:38,038 [Worker-5] WARN  o.e.m.c.i.embedder.EclipseLogger - Using platform encoding (Cp1252 actually) to copy filtered resources, i.e. build is platform dependent!
2018-02-25 21:36:38,043 [Worker-5] INFO  o.e.m.c.i.embedder.EclipseLogger - Copying 0 resource
2018-02-25 21:37:29,895 [Worker-3] WARN  o.e.m.c.i.embedder.EclipseLogger - Using platform encoding (Cp1252 actually) to copy filtered resources, i.e. build is platform dependent!
2018-02-25 21:37:29,903 [Worker-3] INFO  o.e.m.c.i.embedder.EclipseLogger - Copying 0 resource
2018-02-25 21:37:29,925 [Worker-3] WARN  o.e.m.c.i.embedder.EclipseLogger - Using platform encoding (Cp1252 actually) to copy filtered resources, i.e. build is platform dependent!
2018-02-25 21:37:29,935 [Worker-3] INFO  o.e.m.c.i.embedder.EclipseLogger - Copying 0 resource
2018-02-25 21:37:54,052 [Worker-1] WARN  o.e.m.c.i.embedder.EclipseLogger - Using platform encoding (Cp1252 actually) to copy filtered resources, i.e. build is platform dependent!
2018-02-25 21:37:54,058 [Worker-1] INFO  o.e.m.c.i.embedder.EclipseLogger - Copying 0 resource
2018-02-25 21:37:54,070 [Worker-1] WARN  o.e.m.c.i.embedder.EclipseLogger - Using platform encoding (Cp1252 actually) to copy filtered resources, i.e. build is platform dependent!
2018-02-25 21:37:54,085 [Worker-1] INFO  o.e.m.c.i.embedder.EclipseLogger - Copying 0 resource
2018-02-25 21:38:06,546 [Worker-0] WARN  o.e.m.c.i.embedder.EclipseLogger - Using platform encoding (Cp1252 actually) to copy filtered resources, i.e. build is platform dependent!
2018-02-25 21:38:06,550 [Worker-0] INFO  o.e.m.c.i.embedder.EclipseLogger - Copying 0 resource
2018-02-25 21:38:06,556 [Worker-0] WARN  o.e.m.c.i.embedder.EclipseLogger - Using platform encoding (Cp1252 actually) to copy filtered resources, i.e. build is platform dependent!
2018-02-25 21:38:06,564 [Worker-0] INFO  o.e.m.c.i.embedder.EclipseLogger - Copying 0 resource
2018-02-25 21:39:54,418 [Worker-7] WARN  o.e.m.c.i.embedder.EclipseLogger - Using platform encoding (Cp1252 actually) to copy filtered resources, i.e. build is platform dependent!
2018-02-25 21:39:54,427 [Worker-7] INFO  o.e.m.c.i.embedder.EclipseLogger - Copying 0 resource
2018-02-25 21:39:54,432 [Worker-7] WARN  o.e.m.c.i.embedder.EclipseLogger - Using platform encoding (Cp1252 actually) to copy filtered resources, i.e. build is platform dependent!
2018-02-25 21:39:54,439 [Worker-7] INFO  o.e.m.c.i.embedder.EclipseLogger - Copying 0 resource
2018-02-25 21:40:03,883 [Worker-2] WARN  o.e.m.c.i.embedder.EclipseLogger - Using platform encoding (Cp1252 actually) to copy filtered resources, i.e. build is platform dependent!
2018-02-25 21:40:03,899 [Worker-2] INFO  o.e.m.c.i.embedder.EclipseLogger - Copying 0 resource
2018-02-25 21:40:03,904 [Worker-2] WARN  o.e.m.c.i.embedder.EclipseLogger - Using platform encoding (Cp1252 actually) to copy filtered resources, i.e. build is platform dependent!
2018-02-25 21:40:03,913 [Worker-2] INFO  o.e.m.c.i.embedder.EclipseLogger - Copying 0 resource
2018-02-25 21:41:47,730 [Worker-3] INFO  o.e.m.c.i.embedder.EclipseLogger - Using 'UTF-8' encoding to copy filtered resources.
2018-02-25 21:41:47,730 [Worker-3] INFO  o.e.m.c.i.embedder.EclipseLogger - Copying 0 resource
2018-02-25 21:41:47,842 [Worker-3] INFO  o.e.m.c.i.embedder.EclipseLogger - Copying 1 resource
2018-02-25 21:41:47,849 [Worker-3] INFO  o.e.m.c.i.embedder.EclipseLogger - Using 'UTF-8' encoding to copy filtered resources.
2018-02-25 21:41:47,854 [Worker-3] INFO  o.e.m.c.i.embedder.EclipseLogger - Copying 0 resource
2018-02-25 21:41:57,284 [Worker-4] WARN  o.e.m.c.i.embedder.EclipseLogger - The POM for com.oracle:ojdbc5:jar:11.2.0.3 is missing, no dependency information available
2018-02-25 21:41:57,746 [Worker-4] WARN  o.e.m.c.i.embedder.EclipseLogger - The POM for com.oracle:ojdbc5:jar:11.2.0.3 is missing, no dependency information available
2018-02-25 21:41:59,431 [Worker-4] WARN  o.e.m.c.i.embedder.EclipseLogger - The POM for com.oracle:ojdbc5:jar:11.2.0.3 is missing, no dependency information available
2018-02-25 21:41:59,895 [Worker-4] WARN  o.e.m.c.i.embedder.EclipseLogger - The POM for com.oracle:ojdbc5:jar:11.2.0.3 is missing, no dependency information available
2018-02-25 21:42:00,671 [Worker-6] WARN  o.e.m.c.i.embedder.EclipseLogger - Using platform encoding (Cp1252 actually) to copy filtered resources, i.e. build is platform dependent!
2018-02-25 21:42:00,715 [Worker-6] INFO  o.e.m.c.i.embedder.EclipseLogger - Copying 0 resource
2018-02-25 21:42:00,721 [Worker-6] WARN  o.e.m.c.i.embedder.EclipseLogger - Using platform encoding (Cp1252 actually) to copy filtered resources, i.e. build is platform dependent!
2018-02-25 21:42:00,735 [Worker-6] INFO  o.e.m.c.i.embedder.EclipseLogger - Copying 0 resource
2018-02-25 21:42:00,744 [Worker-6] WARN  o.e.m.c.i.embedder.EclipseLogger - Using platform encoding (Cp1252 actually) to copy filtered resources, i.e. build is platform dependent!
2018-02-25 21:42:00,755 [Worker-6] INFO  o.e.m.c.i.embedder.EclipseLogger - Copying 0 resource
2018-02-25 21:42:00,764 [Worker-6] WARN  o.e.m.c.i.embedder.EclipseLogger - Using platform encoding (Cp1252 actually) to copy filtered resources, i.e. build is platform dependent!
2018-02-25 21:42:00,770 [Worker-6] INFO  o.e.m.c.i.embedder.EclipseLogger - Copying 0 resource
2018-02-25 21:42:01,860 [Worker-6] WARN  o.e.m.c.i.embedder.EclipseLogger - The POM for com.oracle:ojdbc5:jar:11.2.0.3 is missing, no dependency information available
2018-02-25 21:42:01,942 [Worker-6] INFO  o.e.m.c.i.embedder.EclipseLogger - Using 'UTF-8' encoding to copy filtered resources.
2018-02-25 21:42:01,942 [Worker-6] INFO  o.e.m.c.i.embedder.EclipseLogger - Copying 0 resource
2018-02-25 21:42:01,942 [Worker-6] INFO  o.e.m.c.i.embedder.EclipseLogger - Copying 1 resource
2018-02-25 21:42:01,966 [Worker-6] INFO  o.e.m.c.i.embedder.EclipseLogger - Using 'UTF-8' encoding to copy filtered resources.
2018-02-25 21:42:01,975 [Worker-6] INFO  o.e.m.c.i.embedder.EclipseLogger - Copying 0 resource
2018-02-25 21:42:02,379 [Worker-6] WARN  o.e.m.c.i.embedder.EclipseLogger - The POM for com.oracle:ojdbc5:jar:11.2.0.3 is missing, no dependency information available
2018-02-25 21:42:02,746 [Worker-6] INFO  o.e.m.c.i.embedder.EclipseLogger - Using 'UTF-8' encoding to copy filtered resources.
2018-02-25 21:42:02,747 [Worker-6] INFO  o.e.m.c.i.embedder.EclipseLogger - Copying 0 resource
2018-02-25 21:42:02,753 [Worker-6] INFO  o.e.m.c.i.embedder.EclipseLogger - Copying 1 resource
2018-02-25 21:42:02,757 [Worker-6] INFO  o.e.m.c.i.embedder.EclipseLogger - Using 'UTF-8' encoding to copy filtered resources.
2018-02-25 21:42:02,760 [Worker-6] INFO  o.e.m.c.i.embedder.EclipseLogger - Copying 0 resource
2018-02-25 21:42:02,883 [Worker-6] WARN  o.e.m.c.i.embedder.EclipseLogger - Using platform encoding (Cp1252 actually) to copy filtered resources, i.e. build is platform dependent!
2018-02-25 21:42:02,893 [Worker-6] INFO  o.e.m.c.i.embedder.EclipseLogger - Copying 14 resources
2018-02-25 21:42:02,921 [Worker-6] WARN  o.e.m.c.i.embedder.EclipseLogger - Using platform encoding (Cp1252 actually) to copy filtered resources, i.e. build is platform dependent!
2018-02-25 21:42:02,928 [Worker-6] INFO  o.e.m.c.i.embedder.EclipseLogger - Copying 0 resource
2018-02-25 21:42:02,987 [Worker-6] INFO  o.e.m.c.i.embedder.EclipseLogger - Using 'UTF-8' encoding to copy filtered resources.
2018-02-25 21:42:02,992 [Worker-6] INFO  o.e.m.c.i.embedder.EclipseLogger - skip non existing resourceDirectory C:\mainProject\mockitoTut\src\main\resources
2018-02-25 21:42:02,993 [Worker-6] INFO  o.e.m.c.i.embedder.EclipseLogger - Using 'UTF-8' encoding to copy filtered resources.
2018-02-25 21:42:02,993 [Worker-6] INFO  o.e.m.c.i.embedder.EclipseLogger - skip non existing resourceDirectory C:\mainProject\mockitoTut\src\test\resources
2018-02-25 21:42:03,088 [Worker-6] INFO  o.e.m.c.i.embedder.EclipseLogger - Using 'UTF-8' encoding to copy filtered resources.
2018-02-25 21:42:03,119 [Worker-6] INFO  o.e.m.c.i.embedder.EclipseLogger - skip non existing resourceDirectory C:\mainProject\rest\src\main\resources
2018-02-25 21:42:03,121 [Worker-6] INFO  o.e.m.c.i.embedder.EclipseLogger - Using 'UTF-8' encoding to copy filtered resources.
2018-02-25 21:42:03,121 [Worker-6] INFO  o.e.m.c.i.embedder.EclipseLogger - skip non existing resourceDirectory C:\mainProject\rest\src\test\resources
2018-02-25 21:42:04,460 [Worker-6] WARN  o.e.m.c.i.embedder.EclipseLogger - The POM for com.oracle:ojdbc5:jar:11.2.0.3 is missing, no dependency information available
2018-02-25 21:42:04,657 [Worker-6] INFO  o.e.m.c.i.embedder.EclipseLogger - Using 'UTF-8' encoding to copy filtered resources.
2018-02-25 21:42:04,662 [Worker-6] INFO  o.e.m.c.i.embedder.EclipseLogger - Copying 0 resource
2018-02-25 21:42:04,666 [Worker-6] INFO  o.e.m.c.i.embedder.EclipseLogger - Copying 1 resource
2018-02-25 21:42:04,671 [Worker-6] INFO  o.e.m.c.i.embedder.EclipseLogger - Using 'UTF-8' encoding to copy filtered resources.
2018-02-25 21:42:04,675 [Worker-6] INFO  o.e.m.c.i.embedder.EclipseLogger - Copying 0 resource
2018-02-25 21:42:05,046 [Worker-6] WARN  o.e.m.c.i.embedder.EclipseLogger - Using platform encoding (Cp1252 actually) to copy filtered resources, i.e. build is platform dependent!
2018-02-25 21:42:05,052 [Worker-6] INFO  o.e.m.c.i.embedder.EclipseLogger - skip non existing resourceDirectory C:\mainProject\sample-mockito 2\src\main\resources
2018-02-25 21:42:05,054 [Worker-6] WARN  o.e.m.c.i.embedder.EclipseLogger - Using platform encoding (Cp1252 actually) to copy filtered resources, i.e. build is platform dependent!
2018-02-25 21:42:05,132 [Worker-6] INFO  o.e.m.c.i.embedder.EclipseLogger - skip non existing resourceDirectory C:\mainProject\sample-mockito 2\src\test\resources
2018-02-25 21:42:05,338 [Worker-6] WARN  o.e.m.c.i.embedder.EclipseLogger - The POM for com.oracle:ojdbc5:jar:11.2.0.3 is missing, no dependency information available
2018-02-25 21:42:05,346 [Worker-6] WARN  o.e.m.c.i.embedder.EclipseLogger - Using platform encoding (Cp1252 actually) to copy filtered resources, i.e. build is platform dependent!
2018-02-25 21:42:05,356 [Worker-6] INFO  o.e.m.c.i.embedder.EclipseLogger - Copying 2 resources
2018-02-25 21:42:05,364 [Worker-6] WARN  o.e.m.c.i.embedder.EclipseLogger - Using platform encoding (Cp1252 actually) to copy filtered resources, i.e. build is platform dependent!
2018-02-25 21:42:05,369 [Worker-6] INFO  o.e.m.c.i.embedder.EclipseLogger - Copying 0 resource
